<?xml version="1.0" encoding="UTF-8"?>
<!-- Generated by org.testng.reporters.JUnitReportReporter -->
<testsuite hostname="DESKTOP-ETDH1SC" failures="0" tests="3" name="com.partycity.runner.TestRunner" time="0.882" errors="0" timestamp="2023-04-17T12:49:37 IST" skipped="0">
  <testcase classname="com.partycity.runner.TestRunner" name="runScenario" time="0.045"/>
  <system-out/>
  <testcase classname="com.partycity.runner.TestRunner" name="runScenario" time="0.801"/>
  <system-out/>
  <testcase classname="com.partycity.runner.TestRunner" name="runScenario" time="0.036"/>
  <system-out/>
</testsuite> <!-- com.partycity.runner.TestRunner -->
