<?xml version="1.0" encoding="UTF-8"?>
<!-- Generated by org.testng.reporters.JUnitReportReporter -->
<testsuite hostname="DESKTOP-ETDH1SC" failures="0" tests="4" name="com.partycity.runner.DraftRunner" time="0.436" errors="0" timestamp="2023-04-13T12:15:37 IST" skipped="0">
  <testcase classname="com.partycity.runner.DraftRunner" name="runScenario" time="0.025"/>
  <system-out/>
  <testcase classname="com.partycity.runner.DraftRunner" name="runScenario" time="0.026"/>
  <system-out/>
  <testcase classname="com.partycity.runner.DraftRunner" name="runScenario" time="0.361"/>
  <system-out/>
  <testcase classname="com.partycity.runner.DraftRunner" name="runScenario" time="0.024"/>
  <system-out/>
</testsuite> <!-- com.partycity.runner.DraftRunner -->
