<?xml version="1.0" encoding="UTF-8"?>
<!-- Generated by org.testng.reporters.JUnitReportReporter -->
<testsuite hostname="DESKTOP-ETDH1SC" failures="0" tests="1" name="com.practice.TestRunner" time="11.185" errors="0" timestamp="2023-04-13T10:09:35 IST" skipped="0">
  <testcase classname="com.practice.TestRunner" name="runScenario" time="11.185"/>
  <system-out/>
</testsuite> <!-- com.practice.TestRunner -->
