<?xml version="1.0" encoding="UTF-8"?>
<!-- Generated by org.testng.reporters.JUnitReportReporter -->
<testsuite hostname="DESKTOP-ETDH1SC" failures="0" tests="8" name="com.partycity.runner.TestRunner" time="4.840" errors="0" timestamp="2023-04-12T16:20:18 IST" skipped="0">
  <testcase classname="com.partycity.runner.TestRunner" name="runScenario" time="0.618"/>
  <system-out/>
  <testcase classname="com.partycity.runner.TestRunner" name="runScenario" time="0.622"/>
  <system-out/>
  <testcase classname="com.partycity.runner.TestRunner" name="runScenario" time="0.508"/>
  <system-out/>
  <testcase classname="com.partycity.runner.TestRunner" name="runScenario" time="0.619"/>
  <system-out/>
  <testcase classname="com.partycity.runner.TestRunner" name="runScenario" time="0.622"/>
  <system-out/>
  <testcase classname="com.partycity.runner.TestRunner" name="runScenario" time="0.622"/>
  <system-out/>
  <testcase classname="com.partycity.runner.TestRunner" name="runScenario" time="0.614"/>
  <system-out/>
  <testcase classname="com.partycity.runner.TestRunner" name="runScenario" time="0.615"/>
  <system-out/>
</testsuite> <!-- com.partycity.runner.TestRunner -->
